1704537402781:sb
1704537469787:sb -bid 15 -n History -aid 2 -gid 2
1704537491994:gab
1704544958675:gaa
1704545341251:gab
1704545382610:gaa
1704547044605:gab
1704548627779:help
1704548638296:da
1704548642546:da -id 1
1704548645924:gab
1704548652916:gac
1704548777005:gaa
1704548786147:da
1704548791037:gac
1704548942835:da -id 2
1704548947015:gab
1704548951637:gac
1704549135630:gab
1704549146707:gaa
1704549150584:da -id 2
1704549153214:gab
1704549154683:gac
1704577380408:help
1704577389338:sb
1704577427583:gab
1704577544851:sb -bid 1 -n "THE CASTLE (DAS SCHLOSS)" -aid 1 -gid 1
1704577552877:gab
1704577557851:gac
1704577567320:gaa
